<?xml version="1.0" encoding="UTF-8"?>
<!-- Generated by org.testng.reporters.JUnitXMLReporter -->
<testsuite hostname="DESKTOP-RLN1DMA" ignored="0" name="Test One" tests="6" failures="0" timestamp="27 Nov 2017 06:00:14 GMT" time="0.047" errors="0">
  <testcase name="testTwo" time="0.016" classname="TestNG.TestNG.TestcaseOne"/>
  <testcase name="testOne" time="0.0" classname="TestNG.TestNG.TestcaseTwo"/>
  <testcase name="testOne" time="0.0" classname="TestNG.TestNG.TestcaseThree"/>
  <testcase name="testTwo" time="0.0" classname="TestNG.TestNG.TestcaseThree"/>
  <testcase name="testOne" time="0.0" classname="TestNG.TestNG.TestcaseOne"/>
  <testcase name="testThree" time="0.0" classname="TestNG.TestNG.TestcaseOne"/>
</testsuite> <!-- Test One -->
