<?xml version="1.0" encoding="UTF-8"?>
<testng-results skipped="0" failed="0" ignored="0" total="6" passed="6">
  <reporter-output>
    <line>
      <![CDATA[--- testing TestNG reporter ---]]>
    </line>
  </reporter-output>
  <suite name="TestNG crash course" duration-ms="47" started-at="2017-11-27T06:00:14Z" finished-at="2017-11-27T06:00:14Z">
    <groups>
      <group name="UI">
        <method signature="TestcaseOne.testTwo()[pri:0, instance:TestNG.TestNG.TestcaseOne@1efbd816]" name="testTwo" class="TestNG.TestNG.TestcaseOne"/>
        <method signature="TestcaseOne.testOne()[pri:0, instance:TestNG.TestNG.TestcaseOne@1efbd816]" name="testOne" class="TestNG.TestNG.TestcaseOne"/>
        <method signature="TestcaseThree.testOne()[pri:0, instance:TestNG.TestNG.TestcaseThree@48eff760]" name="testOne" class="TestNG.TestNG.TestcaseThree"/>
        <method signature="TestcaseThree.testTwo()[pri:0, instance:TestNG.TestNG.TestcaseThree@48eff760]" name="testTwo" class="TestNG.TestNG.TestcaseThree"/>
        <method signature="TestcaseTwo.testOne()[pri:0, instance:TestNG.TestNG.TestcaseTwo@7c0e2abd]" name="testOne" class="TestNG.TestNG.TestcaseTwo"/>
      </group> <!-- UI -->
      <group name="backend">
        <method signature="TestcaseOne.testThree()[pri:0, instance:TestNG.TestNG.TestcaseOne@1efbd816]" name="testThree" class="TestNG.TestNG.TestcaseOne"/>
      </group> <!-- backend -->
    </groups>
    <test name="Test One" duration-ms="47" started-at="2017-11-27T06:00:14Z" finished-at="2017-11-27T06:00:14Z">
      <class name="TestNG.TestNG.TestcaseTwo">
        <test-method status="PASS" signature="testOne()[pri:0, instance:TestNG.TestNG.TestcaseTwo@7c0e2abd]" name="testOne" duration-ms="0" started-at="2017-11-27T11:30:14Z" finished-at="2017-11-27T11:30:14Z">
          <reporter-output>
          </reporter-output>
        </test-method> <!-- testOne -->
      </class> <!-- TestNG.TestNG.TestcaseTwo -->
      <class name="TestNG.TestNG.TestcaseThree">
        <test-method status="PASS" signature="testOne()[pri:0, instance:TestNG.TestNG.TestcaseThree@48eff760]" name="testOne" duration-ms="0" started-at="2017-11-27T11:30:14Z" finished-at="2017-11-27T11:30:14Z">
          <reporter-output>
          </reporter-output>
        </test-method> <!-- testOne -->
        <test-method status="PASS" signature="testTwo()[pri:0, instance:TestNG.TestNG.TestcaseThree@48eff760]" name="testTwo" duration-ms="0" started-at="2017-11-27T11:30:14Z" finished-at="2017-11-27T11:30:14Z">
          <reporter-output>
            <line>
              <![CDATA[--- testing TestNG reporter ---]]>
            </line>
          </reporter-output>
        </test-method> <!-- testTwo -->
      </class> <!-- TestNG.TestNG.TestcaseThree -->
      <class name="TestNG.TestNG.TestcaseOne">
        <test-method status="PASS" signature="testTwo()[pri:0, instance:TestNG.TestNG.TestcaseOne@1efbd816]" name="testTwo" duration-ms="16" started-at="2017-11-27T11:30:14Z" finished-at="2017-11-27T11:30:14Z">
          <reporter-output>
          </reporter-output>
        </test-method> <!-- testTwo -->
        <test-method status="PASS" signature="testThree()[pri:0, instance:TestNG.TestNG.TestcaseOne@1efbd816]" name="testThree" duration-ms="0" depends-on-groups="UI" started-at="2017-11-27T11:30:14Z" finished-at="2017-11-27T11:30:14Z">
          <reporter-output>
          </reporter-output>
        </test-method> <!-- testThree -->
        <test-method status="PASS" signature="testOne()[pri:0, instance:TestNG.TestNG.TestcaseOne@1efbd816]" name="testOne" duration-ms="0" started-at="2017-11-27T11:30:14Z" depends-on-methods="TestNG.TestNG.TestcaseOne.testTwo" finished-at="2017-11-27T11:30:14Z">
          <reporter-output>
          </reporter-output>
        </test-method> <!-- testOne -->
      </class> <!-- TestNG.TestNG.TestcaseOne -->
    </test> <!-- Test One -->
  </suite> <!-- TestNG crash course -->
</testng-results>
